<?xml version="1.0" encoding="UTF-8"?>
<Site BuildName="(empty)"
	BuildStamp="20240516-1636-Experimental"
	Name="shkey-ASUS-TUF-Dash-F15-FX517ZR-FX517ZR"
	Generator="ctest-3.16.3"
	CompilerName="/usr/bin/g++"
	CompilerVersion="9.4.0"
	OSName="Linux"
	Hostname="shkey-ASUS-TUF-Dash-F15-FX517ZR-FX517ZR"
	OSRelease="5.15.0-107-generic"
	OSVersion="#117~20.04.1-Ubuntu SMP Tue Apr 30 10:35:57 UTC 2024"
	OSPlatform="x86_64"
	Is64Bits="1"
	VendorString="GenuineIntel"
	VendorID="Intel Corporation"
	FamilyID="6"
	ModelID="154"
	ProcessorCacheSize="24576"
	NumberOfLogicalCPU="16"
	NumberOfPhysicalCPU="10"
	TotalVirtualMemory="2047"
	TotalPhysicalMemory="63921"
	LogicalProcessorsPerPhysical="1"
	ProcessorClockFrequency="4091.96"
	>
	<Testing>
		<StartDateTime>May 16 13:12 EDT</StartDateTime>
		<StartTestTime>1715879549</StartTestTime>
		<TestList/>
		<EndDateTime>May 16 13:12 EDT</EndDateTime>
		<EndTestTime>1715879549</EndTestTime>
		<ElapsedMinutes>0</ElapsedMinutes>
	</Testing>
</Site>
