<?xml version="1.0" encoding="UTF-8"?>
<Site BuildName="(empty)"
	BuildStamp="20240629-1844-Experimental"
	Name="shkey-ASUS-TUF-Dash-F15-FX517ZR-FX517ZR"
	Generator="ctest-3.16.3"
	CompilerName="/usr/bin/c++"
	CompilerVersion="9.4.0"
	OSName="Linux"
	Hostname="shkey-ASUS-TUF-Dash-F15-FX517ZR-FX517ZR"
	OSRelease="5.15.0-107-generic"
	OSVersion="#117~20.04.1-Ubuntu SMP Tue Apr 30 10:35:57 UTC 2024"
	OSPlatform="x86_64"
	Is64Bits="1"
	VendorString="GenuineIntel"
	VendorID="Intel Corporation"
	FamilyID="6"
	ModelID="154"
	ProcessorCacheSize="24576"
	NumberOfLogicalCPU="16"
	NumberOfPhysicalCPU="10"
	TotalVirtualMemory="2047"
	TotalPhysicalMemory="63921"
	LogicalProcessorsPerPhysical="1"
	ProcessorClockFrequency="4072.41"
	>
	<Testing>
		<StartDateTime>Jun 29 14:44 EDT</StartDateTime>
		<StartTestTime>1719686678</StartTestTime>
		<TestList/>
		<EndDateTime>Jun 29 14:44 EDT</EndDateTime>
		<EndTestTime>1719686678</EndTestTime>
		<ElapsedMinutes>0</ElapsedMinutes>
	</Testing>
</Site>
