<?xml version="1.0" encoding="UTF-8"?>
<Site BuildName="(empty)"
	BuildStamp="20240515-1958-Experimental"
	Name="shkey-ASUS-TUF-Dash-F15-FX517ZR-FX517ZR"
	Generator="ctest-3.16.3"
	CompilerName="/usr/bin/g++"
	CompilerVersion="9.4.0"
	OSName="Linux"
	Hostname="shkey-ASUS-TUF-Dash-F15-FX517ZR-FX517ZR"
	OSRelease="5.15.0-91-generic"
	OSVersion="#101~20.04.1-Ubuntu SMP Thu Nov 16 14:22:28 UTC 2023"
	OSPlatform="x86_64"
	Is64Bits="1"
	VendorString="GenuineIntel"
	VendorID="Intel Corporation"
	FamilyID="6"
	ModelID="154"
	ProcessorCacheSize="24576"
	NumberOfLogicalCPU="16"
	NumberOfPhysicalCPU="10"
	TotalVirtualMemory="2047"
	TotalPhysicalMemory="63921"
	LogicalProcessorsPerPhysical="1"
	ProcessorClockFrequency="2507.23"
	>
	<Testing>
		<StartDateTime>May 15 16:56 EDT</StartDateTime>
		<StartTestTime>1715806581</StartTestTime>
		<TestList/>
		<EndDateTime>May 15 16:56 EDT</EndDateTime>
		<EndTestTime>1715806581</EndTestTime>
		<ElapsedMinutes>0</ElapsedMinutes>
	</Testing>
</Site>
